app/build/outputs/logs/manifest-merger-debug-report.txt
-- Merging decision tree log ---
manifest
ADDED from src\main\AndroidManifest.xml:16:1-137:12
	package
		ADDED from src\main\AndroidManifest.xml:18:5-29
		INJECTED from src\main\AndroidManifest.xml
		INJECTED from src\main\AndroidManifest.xml
	android:versionName
		INJECTED from src\main\AndroidManifest.xml
		INJECTED from src\main\AndroidManifest.xml
	xmlns:tools
		ADDED from src\main\AndroidManifest.xml:17:5-51
	xmlns:android
		ADDED from src\main\AndroidManifest.xml:16:11-69
	android:versionCode
		INJECTED from src\main\AndroidManifest.xml
		INJECTED from src\main\AndroidManifest.xml
uses-permission#android.permission.ACCESS_COARSE_LOCATION
ADDED from src\main\AndroidManifest.xml:20:5-81
	android:name
		ADDED from src\main\AndroidManifest.xml:20:22-78
uses-permission#android.permission.ACCESS_FINE_LOCATION
ADDED from src\main\AndroidManifest.xml:21:5-79
	android:name
		ADDED from src\main\AndroidManifest.xml:21:22-76
uses-permission#android.permission.INTERNET
ADDED from src\main\AndroidManifest.xml:22:5-67
	android:name
		ADDED from src\main\AndroidManifest.xml:22:22-64
uses-permission#android.permission.READ_EXTERNAL_STORAGE
ADDED from src\main\AndroidManifest.xml:23:5-80
MERGED from [com.github.lovetuzitong:MultiImageSelector:1.2] AndroidManifest.xml:11:5-80
	android:name
		ADDED from src\main\AndroidManifest.xml:23:22-77
uses-permission#android.permission.ACCESS_NETWORK_STATE
ADDED from src\main\AndroidManifest.xml:24:5-79
	android:name
		ADDED from src\main\AndroidManifest.xml:24:22-76
uses-permission#android.permission.GET_ACCOUNTS
ADDED from src\main\AndroidManifest.xml:27:5-71
	android:name
		ADDED from src\main\AndroidManifest.xml:27:22-68
uses-permission#android.permission.READ_PROFILE
ADDED from src\main\AndroidManifest.xml:28:5-71
	android:name
		ADDED from src\main\AndroidManifest.xml:28:22-68
uses-permission#android.permission.READ_CONTACTS
ADDED from src\main\AndroidManifest.xml:29:5-72
	android:name
		ADDED from src\main\AndroidManifest.xml:29:22-69
uses-permission#android.permission.CAMERA
ADDED from src\main\AndroidManifest.xml:31:5-65
	android:name
		ADDED from src\main\AndroidManifest.xml:31:22-62
uses-permission#android.permission.WRITE_EXTERNAL_STORAGE
ADDED from src\main\AndroidManifest.xml:32:5-81
MERGED from [com.github.lovetuzitong:MultiImageSelector:1.2] AndroidManifest.xml:12:5-81
	android:name
		ADDED from src\main\AndroidManifest.xml:32:22-78
uses-permission#android.permission.WAKE_LOCK
ADDED from src\main\AndroidManifest.xml:33:5-67
	android:name
		ADDED from src\main\AndroidManifest.xml:33:22-65
uses-permission#android.permission.CHANGE_WIFI_STATE
ADDED from src\main\AndroidManifest.xml:34:5-76
	android:name
		ADDED from src\main\AndroidManifest.xml:34:22-73
uses-permission#android.permission.ACCESS_WIFI_STATE
ADDED from src\main\AndroidManifest.xml:35:5-76
	android:name
		ADDED from src\main\AndroidManifest.xml:35:22-73
uses-permission#android.permission.GET_TASKS
ADDED from src\main\AndroidManifest.xml:36:5-68
	android:name
		ADDED from src\main\AndroidManifest.xml:36:22-65
uses-permission#android.permission.WRITE_SETTINGS
ADDED from src\main\AndroidManifest.xml:37:5-73
	android:name
		ADDED from src\main\AndroidManifest.xml:37:22-70
uses-permission#android.permission.READ_PHONE_STATE
ADDED from src\main\AndroidManifest.xml:50:5-91
	android:name
		ADDED from src\main\AndroidManifest.xml:50:22-72
uses-permission#android.permission.MOUNT_UNMOUNT_FILESYSTEMS
ADDED from src\main\AndroidManifest.xml:56:5-100
	android:name
		ADDED from src\main\AndroidManifest.xml:56:22-81
application
ADDED from src\main\AndroidManifest.xml:57:5-135:19
MERGED from [de.hdodenhof:circleimageview:1.3.0] AndroidManifest.xml:9:5-20
MERGED from [com.etsy.android.grid:library:1.0.5] AndroidManifest.xml:6:5-19
MERGED from [com.github.clans:fab:1.6.4] AndroidManifest.xml:12:5-20
MERGED from [com.google.android.gms:play-services-appindexing:8.1.0] AndroidManifest.xml:19:5-20
MERGED from [com.google.android.gms:play-services-basement:8.1.0] AndroidManifest.xml:20:5-24:19
MERGED from [com.github.arimorty:floatingsearchview:2.0.1] AndroidManifest.xml:12:5-20
MERGED from [com.android.support:cardview-v7:25.0.0] AndroidManifest.xml:22:5-20
MERGED from [com.miguelcatalan:materialsearchview:1.4.0] AndroidManifest.xml:11:5-20
MERGED from [com.android.support:design:23.3.0] AndroidManifest.xml:22:5-20
MERGED from [com.github.lovetuzitong:MultiImageSelector:1.2] AndroidManifest.xml:14:5-18:19
MERGED from [cn.pedant.sweetalert:library:1.3] AndroidManifest.xml:11:5-20
MERGED from [com.pnikosis:materialish-progress:1.0] AndroidManifest.xml:11:5-15:19
MERGED from [com.android.support:appcompat-v7:23.4.0] AndroidManifest.xml:25:5-20
MERGED from [com.android.support:animated-vector-drawable:23.4.0] AndroidManifest.xml:7:5-20
MERGED from [com.android.support:support-vector-drawable:23.4.0] AndroidManifest.xml:7:5-20
MERGED from [com.android.support:support-v4:23.4.0] AndroidManifest.xml:22:5-20
	android:label
		ADDED from src\main\AndroidManifest.xml:62:9-41
		REJECTED from [com.pnikosis:materialish-progress:1.0] AndroidManifest.xml:14:9-41
	android:allowBackup
		ADDED from src\main\AndroidManifest.xml:60:9-35
	android:icon
		ADDED from src\main\AndroidManifest.xml:61:9-38
		REJECTED from [com.pnikosis:materialish-progress:1.0] AndroidManifest.xml:13:9-45
	android:theme
		ADDED from src\main\AndroidManifest.xml:63:9-48
	tools:replace
		ADDED from src\main\AndroidManifest.xml:58:9-81
	android:name
		ADDED from src\main\AndroidManifest.xml:59:9-52
service#com.baidu.location.f
ADDED from src\main\AndroidManifest.xml:65:9-68:49
	android:enabled
		ADDED from src\main\AndroidManifest.xml:67:13-35
	android:process
		ADDED from src\main\AndroidManifest.xml:68:13-38
	android:name
		ADDED from src\main\AndroidManifest.xml:66:13-48
meta-data#com.baidu.lbsapi.API_KEY
ADDED from src\main\AndroidManifest.xml:69:9-71:64
	android:value
		ADDED from src\main\AndroidManifest.xml:71:13-61
	android:name
		ADDED from src\main\AndroidManifest.xml:70:13-52
activity#com.foodie.app.Activity.SplashActivity
ADDED from src\main\AndroidManifest.xml:72:9-78:20
	android:name
		ADDED from src\main\AndroidManifest.xml:72:19-72
intent-filter#android.intent.action.MAIN+android.intent.category.DEFAULT+android.intent.category.LAUNCHER
ADDED from src\main\AndroidManifest.xml:73:13-77:29
action#android.intent.action.MAIN
ADDED from src\main\AndroidManifest.xml:74:17-69
	android:name
		ADDED from src\main\AndroidManifest.xml:74:25-66
category#android.intent.category.DEFAULT
ADDED from src\main\AndroidManifest.xml:75:17-76
	android:name
		ADDED from src\main\AndroidManifest.xml:75:27-73
category#android.intent.category.LAUNCHER
ADDED from src\main\AndroidManifest.xml:76:17-77
	android:name
		ADDED from src\main\AndroidManifest.xml:76:27-74
activity#com.foodie.app.Activity.LoginActivity
ADDED from src\main\AndroidManifest.xml:79:9-81:69
	android:label
		ADDED from src\main\AndroidManifest.xml:81:13-57
	android:name
		ADDED from src\main\AndroidManifest.xml:80:13-65
activity#com.foodie.app.Activity.MainActivity
ADDED from src\main\AndroidManifest.xml:83:9-91:20
	android:parentActivityName
		ADDED from src\main\AndroidManifest.xml:85:13-80
	android:name
		ADDED from src\main\AndroidManifest.xml:84:13-64
meta-data#android.support.PARENT_ACTIVITY
ADDED from src\main\AndroidManifest.xml:86:13-88:73
	android:value
		ADDED from src\main\AndroidManifest.xml:88:17-71
	android:name
		ADDED from src\main\AndroidManifest.xml:87:17-63
meta-data#android.app.searchable
ADDED from src\main\AndroidManifest.xml:89:13-90:53
	android:resource
		ADDED from src\main\AndroidManifest.xml:90:17-51
	android:name
		ADDED from src\main\AndroidManifest.xml:89:24-61
activity#com.foodie.app.Activity.PostActivity
ADDED from src\main\AndroidManifest.xml:92:9-94:36
	android:label
		ADDED from src\main\AndroidManifest.xml:94:13-33
	android:name
		ADDED from src\main\AndroidManifest.xml:93:13-64
activity#com.foodie.app.Activity.DishInfoActivity
ADDED from src\main\AndroidManifest.xml:95:9-97:35
	android:label
		ADDED from src\main\AndroidManifest.xml:97:13-33
	android:name
		ADDED from src\main\AndroidManifest.xml:96:13-68
activity#com.foodie.app.Activity.SettingActivity
ADDED from src\main\AndroidManifest.xml:98:9-100:33
	android:label
		ADDED from src\main\AndroidManifest.xml:100:13-31
	android:name
		ADDED from src\main\AndroidManifest.xml:99:13-67
activity#com.foodie.app.Activity.RestaurantInfoActivity
ADDED from src\main\AndroidManifest.xml:101:9-103:35
	android:label
		ADDED from src\main\AndroidManifest.xml:103:13-33
	android:name
		ADDED from src\main\AndroidManifest.xml:102:13-74
activity#com.foodie.app.Activity.MapActivity
ADDED from src\main\AndroidManifest.xml:104:9-106:36
	android:label
		ADDED from src\main\AndroidManifest.xml:106:13-33
	android:name
		ADDED from src\main\AndroidManifest.xml:105:13-63
activity#com.foodie.app.Activity.TabActivity
ADDED from src\main\AndroidManifest.xml:107:9-109:36
	android:label
		ADDED from src\main\AndroidManifest.xml:109:13-33
	android:name
		ADDED from src\main\AndroidManifest.xml:108:13-63
activity#com.foodie.app.Activity.ModifyUserActivity
ADDED from src\main\AndroidManifest.xml:110:9-112:36
	android:label
		ADDED from src\main\AndroidManifest.xml:112:13-33
	android:name
		ADDED from src\main\AndroidManifest.xml:111:13-70
activity#me.nereo.multi_image_selector.MultiImageSelectorActivity
ADDED from src\main\AndroidManifest.xml:113:9-115:87
MERGED from [com.github.lovetuzitong:MultiImageSelector:1.2] AndroidManifest.xml:15:9-17:62
	android:configChanges
		ADDED from src\main\AndroidManifest.xml:114:13-59
	android:name
		ADDED from src\main\AndroidManifest.xml:115:13-84
meta-data#android.app.default_searchable
ADDED from src\main\AndroidManifest.xml:116:9-118:77
	android:value
		ADDED from src\main\AndroidManifest.xml:118:13-74
	android:name
		ADDED from src\main\AndroidManifest.xml:117:13-58
activity#com.foodie.app.Activity.SearchResultsActivity
ADDED from src\main\AndroidManifest.xml:119:9-133:20
	android:label
		ADDED from src\main\AndroidManifest.xml:121:13-45
	android:launchMode
		ADDED from src\main\AndroidManifest.xml:122:13-43
	android:name
		ADDED from src\main\AndroidManifest.xml:120:13-73
intent-filter#android.intent.action.SEARCH
ADDED from src\main\AndroidManifest.xml:123:13-125:29
action#android.intent.action.SEARCH
ADDED from src\main\AndroidManifest.xml:124:17-71
	android:name
		ADDED from src\main\AndroidManifest.xml:124:25-68
intent-filter#android.intent.action.VIEW
ADDED from src\main\AndroidManifest.xml:126:13-128:29
action#android.intent.action.VIEW
ADDED from src\main\AndroidManifest.xml:127:17-69
	android:name
		ADDED from src\main\AndroidManifest.xml:127:25-66
uses-sdk
INJECTED from src\main\AndroidManifest.xml reason: use-sdk injection requested
MERGED from [de.hdodenhof:circleimageview:1.3.0] AndroidManifest.xml:5:5-7:41
MERGED from [com.roughike:bottom-bar:1.4.0] AndroidManifest.xml:8:5-10:41
MERGED from [com.etsy.android.grid:library:1.0.5] AndroidManifest.xml:4:5-43
MERGED from [com.makeramen:roundedimageview:2.0.1] AndroidManifest.xml:7:5-9:41
MERGED from [com.github.clans:fab:1.6.4] AndroidManifest.xml:8:5-10:41
MERGED from [com.google.android.gms:play-services-appindexing:8.1.0] AndroidManifest.xml:18:5-42
MERGED from [com.google.android.gms:play-services-basement:8.1.0] AndroidManifest.xml:18:5-42
MERGED from [com.github.arimorty:floatingsearchview:2.0.1] AndroidManifest.xml:8:5-10:41
MERGED from [com.bartoszlipinski:viewpropertyobjectanimator:1.2.0] AndroidManifest.xml:7:5-9:41
MERGED from [com.android.support:cardview-v7:25.0.0] AndroidManifest.xml:20:5-43
MERGED from [com.miguelcatalan:materialsearchview:1.4.0] AndroidManifest.xml:7:5-9:41
MERGED from [com.android.support:design:23.3.0] AndroidManifest.xml:20:5-43
MERGED from [com.android.support:recyclerview-v7:23.3.0] AndroidManifest.xml:20:5-43
MERGED from [com.github.lovetuzitong:MultiImageSelector:1.2] AndroidManifest.xml:7:5-9:41
MERGED from [cn.pedant.sweetalert:library:1.3] AndroidManifest.xml:7:5-9:41
MERGED from [com.pnikosis:materialish-progress:1.0] AndroidManifest.xml:7:5-9:41
MERGED from [com.android.support:appcompat-v7:23.4.0] AndroidManifest.xml:21:5-23:78
MERGED from [com.android.support:animated-vector-drawable:23.4.0] AndroidManifest.xml:5:5-44
MERGED from [com.android.support:support-vector-drawable:23.4.0] AndroidManifest.xml:5:5-43
MERGED from [com.android.support:support-v4:23.4.0] AndroidManifest.xml:20:5-43
	tools:overrideLibrary
		ADDED from [com.android.support:appcompat-v7:23.4.0] AndroidManifest.xml:23:9-75
	android:targetSdkVersion
		INJECTED from src\main\AndroidManifest.xml
		INJECTED from src\main\AndroidManifest.xml
	android:minSdkVersion
		INJECTED from src\main\AndroidManifest.xml
		INJECTED from src\main\AndroidManifest.xml
meta-data#com.google.android.gms.version
ADDED from [com.google.android.gms:play-services-basement:8.1.0] AndroidManifest.xml:21:9-23:69
	android:value
		ADDED from [com.google.android.gms:play-services-basement:8.1.0] AndroidManifest.xml:23:13-66
	android:name
		ADDED from [com.google.android.gms:play-services-basement:8.1.0] AndroidManifest.xml:22:13-58